<?xml version="1.0" encoding="UTF-8"?>
<testng-results ignored="0" total="1" passed="1" failed="0" skipped="0">
  <reporter-output>
  </reporter-output>
  <suite started-at="2026-08-07T17:15:55 CDT" name="Default suite" finished-at="2026-08-07T17:16:12 CDT" duration-ms="16731">
    <groups>
    </groups>
    <test started-at="2026-08-07T17:15:55 CDT" name="Default test" finished-at="2026-08-07T17:16:12 CDT" duration-ms="16731">
      <class name="Company.About">
        <test-method signature="verifyAboutPage()[pri:0, instance:Company.About@7f3b84b8]" started-at="2026-08-07T17:15:55 CDT" name="verifyAboutPage" finished-at="2026-08-07T17:16:12 CDT" duration-ms="16691" status="PASS">
          <reporter-output>
          </reporter-output>
        </test-method> <!-- verifyAboutPage -->
      </class> <!-- Company.About -->
    </test> <!-- Default test -->
  </suite> <!-- Default suite -->
</testng-results>
