<?xml version="1.0" encoding="UTF-8"?>
<testng-results ignored="0" total="1" passed="1" failed="0" skipped="0">
  <reporter-output>
  </reporter-output>
  <suite started-at="2026-09-17T19:15:34 CDT" name="Default suite" finished-at="2026-09-17T19:16:28 CDT" duration-ms="54530">
    <groups>
    </groups>
    <test started-at="2026-09-17T19:15:34 CDT" name="Default test" finished-at="2026-09-17T19:16:28 CDT" duration-ms="54530">
      <class name="SignIn.ChangeinEnvinormnet">
        <test-method signature="DashboardPageTest()[pri:0, instance:SignIn.ChangeinEnvinormnet@57a3af25]" started-at="2026-09-17T19:15:34 CDT" name="DashboardPageTest" finished-at="2026-09-17T19:16:28 CDT" duration-ms="54504" status="PASS">
          <reporter-output>
          </reporter-output>
        </test-method> <!-- DashboardPageTest -->
      </class> <!-- SignIn.ChangeinEnvinormnet -->
    </test> <!-- Default test -->
  </suite> <!-- Default suite -->
</testng-results>
